c:\users\wq\desktop\网络应用最终版\网络应用201709021516\tcp_app\tcpserver\tcpserver\debug\tcpserver.pch
c:\users\wq\desktop\网络应用最终版\网络应用201709021516\tcp_app\tcpserver\tcpserver\debug\vc120.pdb
c:\users\wq\desktop\网络应用最终版\网络应用201709021516\tcp_app\tcpserver\tcpserver\debug\vc120.idb
c:\users\wq\desktop\网络应用最终版\网络应用201709021516\tcp_app\tcpserver\tcpserver\debug\stdafx.obj
c:\users\wq\desktop\网络应用最终版\网络应用201709021516\tcp_app\tcpserver\tcpserver\debug\nsocket.obj
c:\users\wq\desktop\网络应用最终版\网络应用201709021516\tcp_app\tcpserver\tcpserver\debug\tcpserver.obj
c:\users\wq\desktop\网络应用最终版\网络应用201709021516\tcp_app\tcpserver\tcpserver\debug\tcpserverdlg.obj
c:\users\wq\desktop\网络应用最终版\网络应用201709021516\tcp_app\tcpserver\debug\tcpserver.ilk
c:\users\wq\desktop\网络应用最终版\网络应用201709021516\tcp_app\tcpserver\debug\tcpserver.exe
c:\users\wq\desktop\网络应用最终版\网络应用201709021516\tcp_app\tcpserver\debug\tcpserver.pdb
c:\users\wq\desktop\网络应用最终版\网络应用201709021516\tcp_app\tcpserver\tcpserver\debug\tcpserver.res
g:\networkhomework\tcpserver\tcpserver\debug\nsocket.obj
g:\networkhomework\tcpserver\tcpserver\debug\stdafx.obj
g:\networkhomework\tcpserver\tcpserver\debug\tcpserver.obj
g:\networkhomework\tcpserver\tcpserver\debug\tcpserverdlg.obj
g:\networkhomework\tcpserver\tcpserver\debug\tcpserver.res
g:\networkhomework\tcpserver\tcpserver\debug\tcpserver.pch
g:\networkhomework\tcpserver\tcpserver\debug\vc120.idb
g:\networkhomework\tcpserver\tcpserver\debug\vc120.pdb
g:\networkhomework\tcpserver\debug\tcpserver.pdb
g:\networkhomework\tcpserver\debug\tcpserver.exe
g:\networkhomework\tcpserver\debug\tcpserver.ilk
g:\networkhomework\tcpserver\tcpserver\debug\tcpserver.tlog\cl.command.1.tlog
g:\networkhomework\tcpserver\tcpserver\debug\tcpserver.tlog\cl.read.1.tlog
g:\networkhomework\tcpserver\tcpserver\debug\tcpserver.tlog\cl.write.1.tlog
g:\networkhomework\tcpserver\tcpserver\debug\tcpserver.tlog\link.command.1.tlog
g:\networkhomework\tcpserver\tcpserver\debug\tcpserver.tlog\link.read.1.tlog
g:\networkhomework\tcpserver\tcpserver\debug\tcpserver.tlog\link.write.1.tlog
g:\networkhomework\tcpserver\tcpserver\debug\tcpserver.tlog\rc.command.1.tlog
g:\networkhomework\tcpserver\tcpserver\debug\tcpserver.tlog\rc.read.1.tlog
g:\networkhomework\tcpserver\tcpserver\debug\tcpserver.tlog\rc.write.1.tlog
